<?xml version="1.0" encoding="UTF-8"?>
<testsuite name="com.bestresto.springboot.web.HelloControllerTest" tests="2" skipped="0" failures="0" errors="0" timestamp="2022-07-17T14:26:04" hostname="DESKTOP-SF3NOPP" time="0.253">
  <properties/>
  <testcase name="hello_Dto_return()" classname="com.bestresto.springboot.web.HelloControllerTest" time="0.237"/>
  <testcase name="hello_to_return()" classname="com.bestresto.springboot.web.HelloControllerTest" time="0.014"/>
  <system-out><![CDATA[2022-07-17 23:26:03.197  INFO 25824 --- [    Test worker] .b.t.a.w.s.WebMvcTestContextBootstrapper : Neither @ContextConfiguration nor @ContextHierarchy found for test class [com.bestresto.springboot.web.HelloControllerTest], using SpringBootContextLoader
2022-07-17 23:26:03.200  INFO 25824 --- [    Test worker] o.s.t.c.support.AbstractContextLoader    : Could not detect default resource locations for test class [com.bestresto.springboot.web.HelloControllerTest]: no resource found for suffixes {-context.xml, Context.groovy}.
2022-07-17 23:26:03.200  INFO 25824 --- [    Test worker] t.c.s.AnnotationConfigContextLoaderUtils : Could not detect default configuration classes for test class [com.bestresto.springboot.web.HelloControllerTest]: HelloControllerTest does not declare any static, non-private, non-final, nested classes annotated with @Configuration.
2022-07-17 23:26:03.240  INFO 25824 --- [    Test worker] .b.t.c.SpringBootTestContextBootstrapper : Found @SpringBootConfiguration com.bestresto.springboot.Application for test class com.bestresto.springboot.web.HelloControllerTest
2022-07-17 23:26:03.242  INFO 25824 --- [    Test worker] .b.t.a.w.s.WebMvcTestContextBootstrapper : Loaded default TestExecutionListener class names from location [META-INF/spring.factories]: [org.springframework.security.test.context.support.WithSecurityContextTestExecutionListener, org.springframework.security.test.context.support.ReactorContextTestExecutionListener, org.springframework.boot.test.autoconfigure.restdocs.RestDocsTestExecutionListener, org.springframework.boot.test.autoconfigure.web.client.MockRestServiceServerResetTestExecutionListener, org.springframework.boot.test.autoconfigure.web.servlet.MockMvcPrintOnlyOnFailureTestExecutionListener, org.springframework.boot.test.autoconfigure.web.servlet.WebDriverTestExecutionListener, org.springframework.boot.test.autoconfigure.webservices.client.MockWebServiceServerTestExecutionListener, org.springframework.boot.test.mock.mockito.MockitoTestExecutionListener, org.springframework.boot.test.mock.mockito.ResetMocksTestExecutionListener, org.springframework.test.context.web.ServletTestExecutionListener, org.springframework.test.context.support.DirtiesContextBeforeModesTestExecutionListener, org.springframework.test.context.support.DependencyInjectionTestExecutionListener, org.springframework.test.context.support.DirtiesContextTestExecutionListener, org.springframework.test.context.transaction.TransactionalTestExecutionListener, org.springframework.test.context.jdbc.SqlScriptsTestExecutionListener, org.springframework.test.context.event.EventPublishingTestExecutionListener]
2022-07-17 23:26:03.244  INFO 25824 --- [    Test worker] .b.t.a.w.s.WebMvcTestContextBootstrapper : Using TestExecutionListeners: [org.springframework.test.context.web.ServletTestExecutionListener@433d0c5d, org.springframework.test.context.support.DirtiesContextBeforeModesTestExecutionListener@5ecec835, org.springframework.boot.test.mock.mockito.MockitoTestExecutionListener@769aff16, org.springframework.boot.test.autoconfigure.SpringBootDependencyInjectionTestExecutionListener@556ece63, org.springframework.test.context.support.DirtiesContextTestExecutionListener@7e9a6f77, org.springframework.test.context.transaction.TransactionalTestExecutionListener@563d8ff1, org.springframework.test.context.jdbc.SqlScriptsTestExecutionListener@77fea86f, org.springframework.security.test.context.support.WithSecurityContextTestExecutionListener@54407d25, org.springframework.test.context.event.EventPublishingTestExecutionListener@790c410d, org.springframework.security.test.context.support.ReactorContextTestExecutionListener@43f41bda, org.springframework.boot.test.autoconfigure.restdocs.RestDocsTestExecutionListener@414b7e1b, org.springframework.boot.test.autoconfigure.web.client.MockRestServiceServerResetTestExecutionListener@16b58a42, org.springframework.boot.test.autoconfigure.web.servlet.MockMvcPrintOnlyOnFailureTestExecutionListener@d2aa5b0, org.springframework.boot.test.autoconfigure.web.servlet.WebDriverTestExecutionListener@6ee35504, org.springframework.boot.test.autoconfigure.webservices.client.MockWebServiceServerTestExecutionListener@74424565, org.springframework.boot.test.mock.mockito.ResetMocksTestExecutionListener@4e1f3635]

  .   ____          _            __ _ _
 /\\ / ___'_ __ _ _(_)_ __  __ _ \ \ \ \
( ( )\___ | '_ | '_| | '_ \/ _` | \ \ \ \
 \\/  ___)| |_)| | | | | || (_| |  ) ) ) )
  '  |____| .__|_| |_|_| |_\__, | / / / /
 =========|_|==============|___/=/_/_/_/
 :: Spring Boot ::                (v2.4.1)

2022-07-17 23:26:03.288  INFO 25824 --- [    Test worker] c.b.springboot.web.HelloControllerTest   : Starting HelloControllerTest using Java 11.0.14 on DESKTOP-SF3NOPP with PID 25824 (started by kzzin in C:\project\bestresto-webservice)
2022-07-17 23:26:03.289  INFO 25824 --- [    Test worker] c.b.springboot.web.HelloControllerTest   : No active profile set, falling back to default profiles: default
2022-07-17 23:26:03.810  INFO 25824 --- [    Test worker] o.s.s.concurrent.ThreadPoolTaskExecutor  : Initializing ExecutorService 'applicationTaskExecutor'
2022-07-17 23:26:03.861  INFO 25824 --- [    Test worker] o.s.b.a.w.s.WelcomePageHandlerMapping    : Adding welcome page template: index
2022-07-17 23:26:04.357  INFO 25824 --- [    Test worker] o.s.s.web.DefaultSecurityFilterChain     : Will secure any request with [org.springframework.security.web.context.request.async.WebAsyncManagerIntegrationFilter@111ba131, org.springframework.security.web.context.SecurityContextPersistenceFilter@42c1d689, org.springframework.security.web.header.HeaderWriterFilter@28ba04a8, org.springframework.security.web.csrf.CsrfFilter@6cbd2016, org.springframework.security.web.authentication.logout.LogoutFilter@3c8edb18, org.springframework.security.oauth2.client.web.OAuth2AuthorizationRequestRedirectFilter@4b4661cb, org.springframework.security.oauth2.client.web.OAuth2AuthorizationRequestRedirectFilter@63a97316, org.springframework.security.oauth2.client.web.OAuth2LoginAuthenticationFilter@7c2d1f0e, org.springframework.security.web.authentication.ui.DefaultLoginPageGeneratingFilter@1d949b76, org.springframework.security.web.authentication.ui.DefaultLogoutPageGeneratingFilter@4950b52f, org.springframework.security.web.savedrequest.RequestCacheAwareFilter@7e9be403, org.springframework.security.web.servletapi.SecurityContextHolderAwareRequestFilter@6fc303c, org.springframework.security.web.authentication.AnonymousAuthenticationFilter@89e2d05, org.springframework.security.oauth2.client.web.OAuth2AuthorizationCodeGrantFilter@32629f04, org.springframework.security.web.session.SessionManagementFilter@4de76b59, org.springframework.security.web.access.ExceptionTranslationFilter@2d022c8e, org.springframework.security.web.access.intercept.FilterSecurityInterceptor@406aab8b]
2022-07-17 23:26:04.504  INFO 25824 --- [    Test worker] o.s.b.t.m.w.SpringBootMockServletContext : Initializing Spring TestDispatcherServlet ''
2022-07-17 23:26:04.504  INFO 25824 --- [    Test worker] o.s.t.web.servlet.TestDispatcherServlet  : Initializing Servlet ''
2022-07-17 23:26:04.505  INFO 25824 --- [    Test worker] o.s.t.web.servlet.TestDispatcherServlet  : Completed initialization in 1 ms
2022-07-17 23:26:04.531  INFO 25824 --- [    Test worker] c.b.springboot.web.HelloControllerTest   : Started HelloControllerTest in 1.283 seconds (JVM running for 12.758)
]]></system-out>
  <system-err><![CDATA[]]></system-err>
</testsuite>
