<?xml version="1.0" encoding="UTF-8"?>
<testsuite name="com.bestresto.springboot.domain.PostsRepositoryTest" tests="2" skipped="0" failures="0" errors="0" timestamp="2022-07-10T09:59:51" hostname="DESKTOP-SF3NOPP" time="0.29">
  <properties/>
  <testcase name="게시글저장_불러오기()" classname="com.bestresto.springboot.domain.PostsRepositoryTest" time="0.27"/>
  <testcase name="BaseTimeEntity_등록()" classname="com.bestresto.springboot.domain.PostsRepositoryTest" time="0.019"/>
  <system-out><![CDATA[2022-07-10 18:59:46.779  INFO 20840 --- [    Test worker] .b.t.c.SpringBootTestContextBootstrapper : Neither @ContextConfiguration nor @ContextHierarchy found for test class [com.bestresto.springboot.domain.PostsRepositoryTest], using SpringBootContextLoader
2022-07-10 18:59:46.780  INFO 20840 --- [    Test worker] o.s.t.c.support.AbstractContextLoader    : Could not detect default resource locations for test class [com.bestresto.springboot.domain.PostsRepositoryTest]: no resource found for suffixes {-context.xml, Context.groovy}.
2022-07-10 18:59:46.780  INFO 20840 --- [    Test worker] t.c.s.AnnotationConfigContextLoaderUtils : Could not detect default configuration classes for test class [com.bestresto.springboot.domain.PostsRepositoryTest]: PostsRepositoryTest does not declare any static, non-private, non-final, nested classes annotated with @Configuration.
2022-07-10 18:59:46.788  INFO 20840 --- [    Test worker] .b.t.c.SpringBootTestContextBootstrapper : Found @SpringBootConfiguration com.bestresto.springboot.Application for test class com.bestresto.springboot.domain.PostsRepositoryTest
2022-07-10 18:59:46.792  INFO 20840 --- [    Test worker] .b.t.c.SpringBootTestContextBootstrapper : Loaded default TestExecutionListener class names from location [META-INF/spring.factories]: [org.springframework.security.test.context.support.WithSecurityContextTestExecutionListener, org.springframework.security.test.context.support.ReactorContextTestExecutionListener, org.springframework.boot.test.autoconfigure.restdocs.RestDocsTestExecutionListener, org.springframework.boot.test.autoconfigure.web.client.MockRestServiceServerResetTestExecutionListener, org.springframework.boot.test.autoconfigure.web.servlet.MockMvcPrintOnlyOnFailureTestExecutionListener, org.springframework.boot.test.autoconfigure.web.servlet.WebDriverTestExecutionListener, org.springframework.boot.test.autoconfigure.webservices.client.MockWebServiceServerTestExecutionListener, org.springframework.boot.test.mock.mockito.MockitoTestExecutionListener, org.springframework.boot.test.mock.mockito.ResetMocksTestExecutionListener, org.springframework.test.context.web.ServletTestExecutionListener, org.springframework.test.context.support.DirtiesContextBeforeModesTestExecutionListener, org.springframework.test.context.support.DependencyInjectionTestExecutionListener, org.springframework.test.context.support.DirtiesContextTestExecutionListener, org.springframework.test.context.transaction.TransactionalTestExecutionListener, org.springframework.test.context.jdbc.SqlScriptsTestExecutionListener, org.springframework.test.context.event.EventPublishingTestExecutionListener]
2022-07-10 18:59:46.793  INFO 20840 --- [    Test worker] .b.t.c.SpringBootTestContextBootstrapper : Using TestExecutionListeners: [org.springframework.test.context.web.ServletTestExecutionListener@70c6e1eb, org.springframework.test.context.support.DirtiesContextBeforeModesTestExecutionListener@1bc719a7, org.springframework.boot.test.mock.mockito.MockitoTestExecutionListener@31eb0e5f, org.springframework.boot.test.autoconfigure.SpringBootDependencyInjectionTestExecutionListener@7be3a3e4, org.springframework.test.context.support.DirtiesContextTestExecutionListener@3ceddcca, org.springframework.test.context.transaction.TransactionalTestExecutionListener@1f44e0d1, org.springframework.test.context.jdbc.SqlScriptsTestExecutionListener@76348c90, org.springframework.security.test.context.support.WithSecurityContextTestExecutionListener@10aeed31, org.springframework.test.context.event.EventPublishingTestExecutionListener@42777862, org.springframework.security.test.context.support.ReactorContextTestExecutionListener@7a0d5a95, org.springframework.boot.test.autoconfigure.restdocs.RestDocsTestExecutionListener@280f0948, org.springframework.boot.test.autoconfigure.web.client.MockRestServiceServerResetTestExecutionListener@4f2fae1d, org.springframework.boot.test.autoconfigure.web.servlet.MockMvcPrintOnlyOnFailureTestExecutionListener@36626bf2, org.springframework.boot.test.autoconfigure.web.servlet.WebDriverTestExecutionListener@26ab4659, org.springframework.boot.test.autoconfigure.webservices.client.MockWebServiceServerTestExecutionListener@76be4e8d, org.springframework.boot.test.mock.mockito.ResetMocksTestExecutionListener@44535901]

  .   ____          _            __ _ _
 /\\ / ___'_ __ _ _(_)_ __  __ _ \ \ \ \
( ( )\___ | '_ | '_| | '_ \/ _` | \ \ \ \
 \\/  ___)| |_)| | | | | || (_| |  ) ) ) )
  '  |____| .__|_| |_|_| |_\__, | / / / /
 =========|_|==============|___/=/_/_/_/
 :: Spring Boot ::                (v2.4.1)

2022-07-10 18:59:46.826  INFO 20840 --- [    Test worker] c.b.s.domain.PostsRepositoryTest         : Starting PostsRepositoryTest using Java 11.0.14 on DESKTOP-SF3NOPP with PID 20840 (started by kzzin in C:\project\bestresto-webservice)
2022-07-10 18:59:46.828  INFO 20840 --- [    Test worker] c.b.s.domain.PostsRepositoryTest         : No active profile set, falling back to default profiles: default
2022-07-10 18:59:47.359  INFO 20840 --- [    Test worker] .s.d.r.c.RepositoryConfigurationDelegate : Bootstrapping Spring Data JPA repositories in DEFAULT mode.
2022-07-10 18:59:47.448  INFO 20840 --- [    Test worker] .s.d.r.c.RepositoryConfigurationDelegate : Finished Spring Data repository scanning in 79 ms. Found 2 JPA repository interfaces.
2022-07-10 18:59:47.962  INFO 20840 --- [    Test worker] com.zaxxer.hikari.HikariDataSource       : HikariPool-1 - Starting...
2022-07-10 18:59:48.219  INFO 20840 --- [    Test worker] com.zaxxer.hikari.HikariDataSource       : HikariPool-1 - Start completed.
2022-07-10 18:59:48.315  INFO 20840 --- [    Test worker] o.hibernate.jpa.internal.util.LogHelper  : HHH000204: Processing PersistenceUnitInfo [name: default]
2022-07-10 18:59:48.414  INFO 20840 --- [    Test worker] org.hibernate.Version                    : HHH000412: Hibernate ORM core version 5.4.25.Final
2022-07-10 18:59:48.490  INFO 20840 --- [    Test worker] o.hibernate.annotations.common.Version   : HCANN000001: Hibernate Commons Annotations {5.1.2.Final}
2022-07-10 18:59:48.676  INFO 20840 --- [    Test worker] org.hibernate.dialect.Dialect            : HHH000400: Using dialect: org.hibernate.dialect.MySQL57Dialect
Hibernate: drop table if exists posts
Hibernate: drop table if exists user
Hibernate: create table posts (id bigint not null auto_increment, created_date datetime(6), modified_date datetime(6), author varchar(255), content TEXT not null, title varchar(500) not null, primary key (id)) engine=InnoDB
Hibernate: create table user (id bigint not null auto_increment, created_date datetime(6), modified_date datetime(6), email varchar(255) not null, name varchar(255) not null, picture varchar(255), role varchar(255) not null, primary key (id)) engine=InnoDB
2022-07-10 18:59:49.350  INFO 20840 --- [    Test worker] o.h.e.t.j.p.i.JtaPlatformInitiator       : HHH000490: Using JtaPlatform implementation: [org.hibernate.engine.transaction.jta.platform.internal.NoJtaPlatform]
2022-07-10 18:59:49.361  INFO 20840 --- [    Test worker] j.LocalContainerEntityManagerFactoryBean : Initialized JPA EntityManagerFactory for persistence unit 'default'
2022-07-10 18:59:49.902  WARN 20840 --- [    Test worker] JpaBaseConfiguration$JpaWebConfiguration : spring.jpa.open-in-view is enabled by default. Therefore, database queries may be performed during view rendering. Explicitly configure spring.jpa.open-in-view to disable this warning
2022-07-10 18:59:50.341  INFO 20840 --- [    Test worker] o.s.s.web.DefaultSecurityFilterChain     : Will secure any request with [org.springframework.security.web.context.request.async.WebAsyncManagerIntegrationFilter@177e688d, org.springframework.security.web.context.SecurityContextPersistenceFilter@28364df2, org.springframework.security.web.header.HeaderWriterFilter@c6c523, org.springframework.security.web.authentication.logout.LogoutFilter@72f582c4, org.springframework.security.oauth2.client.web.OAuth2AuthorizationRequestRedirectFilter@be92fbb, org.springframework.security.oauth2.client.web.OAuth2LoginAuthenticationFilter@5d646014, org.springframework.security.web.authentication.ui.DefaultLoginPageGeneratingFilter@3f07b5c, org.springframework.security.web.authentication.ui.DefaultLogoutPageGeneratingFilter@6ac26a2f, org.springframework.security.web.savedrequest.RequestCacheAwareFilter@4eb4a32c, org.springframework.security.web.servletapi.SecurityContextHolderAwareRequestFilter@786d8804, org.springframework.security.web.authentication.AnonymousAuthenticationFilter@2894143b, org.springframework.security.web.session.SessionManagementFilter@78f072df, org.springframework.security.web.access.ExceptionTranslationFilter@17de3757, org.springframework.security.web.access.intercept.FilterSecurityInterceptor@3449210c]
2022-07-10 18:59:50.670  INFO 20840 --- [    Test worker] o.s.s.concurrent.ThreadPoolTaskExecutor  : Initializing ExecutorService 'applicationTaskExecutor'
2022-07-10 18:59:50.692  INFO 20840 --- [    Test worker] o.s.b.a.h2.H2ConsoleAutoConfiguration    : H2 console available at '/h2-console'. Database available at 'jdbc:h2:mem:testdb'
2022-07-10 18:59:50.727  INFO 20840 --- [    Test worker] o.s.b.a.w.s.WelcomePageHandlerMapping    : Adding welcome page template: index
2022-07-10 18:59:51.183  INFO 20840 --- [    Test worker] s.a.ScheduledAnnotationBeanPostProcessor : No TaskScheduler/ScheduledExecutorService bean found for scheduled processing
2022-07-10 18:59:51.193  INFO 20840 --- [    Test worker] c.b.s.domain.PostsRepositoryTest         : Started PostsRepositoryTest in 4.396 seconds (JVM running for 10.737)
Hibernate: insert into posts (created_date, modified_date, author, content, title) values (?, ?, ?, ?, ?)
Hibernate: select posts0_.id as id1_0_, posts0_.created_date as created_2_0_, posts0_.modified_date as modified3_0_, posts0_.author as author4_0_, posts0_.content as content5_0_, posts0_.title as title6_0_ from posts posts0_
Hibernate: select posts0_.id as id1_0_, posts0_.created_date as created_2_0_, posts0_.modified_date as modified3_0_, posts0_.author as author4_0_, posts0_.content as content5_0_, posts0_.title as title6_0_ from posts posts0_
Hibernate: delete from posts where id=?
Hibernate: insert into posts (created_date, modified_date, author, content, title) values (?, ?, ?, ?, ?)
Hibernate: select posts0_.id as id1_0_, posts0_.created_date as created_2_0_, posts0_.modified_date as modified3_0_, posts0_.author as author4_0_, posts0_.content as content5_0_, posts0_.title as title6_0_ from posts posts0_
>>>>>>>>>>>>>>> createDate= 2022-07-10T18:59:51.473215, modifiedDate=2022-07-10T18:59:51.473215
Hibernate: select posts0_.id as id1_0_, posts0_.created_date as created_2_0_, posts0_.modified_date as modified3_0_, posts0_.author as author4_0_, posts0_.content as content5_0_, posts0_.title as title6_0_ from posts posts0_
Hibernate: delete from posts where id=?
]]></system-out>
  <system-err><![CDATA[]]></system-err>
</testsuite>
