<?xml version="1.0" encoding="UTF-8"?>
<testsuite name="com.bestresto.springboot.domain.PostsRepositoryTest" tests="2" skipped="0" failures="0" errors="0" timestamp="2022-07-17T14:26:02" hostname="DESKTOP-SF3NOPP" time="0.421">
  <properties/>
  <testcase name="게시글저장_불러오기()" classname="com.bestresto.springboot.domain.PostsRepositoryTest" time="0.399"/>
  <testcase name="BaseTimeEntity_등록()" classname="com.bestresto.springboot.domain.PostsRepositoryTest" time="0.021"/>
  <system-out><![CDATA[23:25:54.501 [Test worker] DEBUG org.springframework.test.context.BootstrapUtils - Instantiating CacheAwareContextLoaderDelegate from class [org.springframework.test.context.cache.DefaultCacheAwareContextLoaderDelegate]
23:25:54.519 [Test worker] DEBUG org.springframework.test.context.BootstrapUtils - Instantiating BootstrapContext using constructor [public org.springframework.test.context.support.DefaultBootstrapContext(java.lang.Class,org.springframework.test.context.CacheAwareContextLoaderDelegate)]
23:25:54.578 [Test worker] DEBUG org.springframework.test.context.BootstrapUtils - Instantiating TestContextBootstrapper for test class [com.bestresto.springboot.domain.PostsRepositoryTest] from class [org.springframework.boot.test.context.SpringBootTestContextBootstrapper]
23:25:54.594 [Test worker] INFO org.springframework.boot.test.context.SpringBootTestContextBootstrapper - Neither @ContextConfiguration nor @ContextHierarchy found for test class [com.bestresto.springboot.domain.PostsRepositoryTest], using SpringBootContextLoader
23:25:54.599 [Test worker] DEBUG org.springframework.test.context.support.AbstractContextLoader - Did not detect default resource location for test class [com.bestresto.springboot.domain.PostsRepositoryTest]: class path resource [com/bestresto/springboot/domain/PostsRepositoryTest-context.xml] does not exist
23:25:54.600 [Test worker] DEBUG org.springframework.test.context.support.AbstractContextLoader - Did not detect default resource location for test class [com.bestresto.springboot.domain.PostsRepositoryTest]: class path resource [com/bestresto/springboot/domain/PostsRepositoryTestContext.groovy] does not exist
23:25:54.600 [Test worker] INFO org.springframework.test.context.support.AbstractContextLoader - Could not detect default resource locations for test class [com.bestresto.springboot.domain.PostsRepositoryTest]: no resource found for suffixes {-context.xml, Context.groovy}.
23:25:54.602 [Test worker] INFO org.springframework.test.context.support.AnnotationConfigContextLoaderUtils - Could not detect default configuration classes for test class [com.bestresto.springboot.domain.PostsRepositoryTest]: PostsRepositoryTest does not declare any static, non-private, non-final, nested classes annotated with @Configuration.
23:25:54.658 [Test worker] DEBUG org.springframework.test.context.support.ActiveProfilesUtils - Could not find an 'annotation declaring class' for annotation type [org.springframework.test.context.ActiveProfiles] and class [com.bestresto.springboot.domain.PostsRepositoryTest]
23:25:54.750 [Test worker] DEBUG org.springframework.context.annotation.ClassPathScanningCandidateComponentProvider - Identified candidate component class: file [C:\project\bestresto-webservice\build\classes\java\main\com\bestresto\springboot\Application.class]
23:25:54.752 [Test worker] INFO org.springframework.boot.test.context.SpringBootTestContextBootstrapper - Found @SpringBootConfiguration com.bestresto.springboot.Application for test class com.bestresto.springboot.domain.PostsRepositoryTest
23:25:54.894 [Test worker] DEBUG org.springframework.boot.test.context.SpringBootTestContextBootstrapper - @TestExecutionListeners is not present for class [com.bestresto.springboot.domain.PostsRepositoryTest]: using defaults.
23:25:54.894 [Test worker] INFO org.springframework.boot.test.context.SpringBootTestContextBootstrapper - Loaded default TestExecutionListener class names from location [META-INF/spring.factories]: [org.springframework.security.test.context.support.WithSecurityContextTestExecutionListener, org.springframework.security.test.context.support.ReactorContextTestExecutionListener, org.springframework.boot.test.autoconfigure.restdocs.RestDocsTestExecutionListener, org.springframework.boot.test.autoconfigure.web.client.MockRestServiceServerResetTestExecutionListener, org.springframework.boot.test.autoconfigure.web.servlet.MockMvcPrintOnlyOnFailureTestExecutionListener, org.springframework.boot.test.autoconfigure.web.servlet.WebDriverTestExecutionListener, org.springframework.boot.test.autoconfigure.webservices.client.MockWebServiceServerTestExecutionListener, org.springframework.boot.test.mock.mockito.MockitoTestExecutionListener, org.springframework.boot.test.mock.mockito.ResetMocksTestExecutionListener, org.springframework.test.context.web.ServletTestExecutionListener, org.springframework.test.context.support.DirtiesContextBeforeModesTestExecutionListener, org.springframework.test.context.support.DependencyInjectionTestExecutionListener, org.springframework.test.context.support.DirtiesContextTestExecutionListener, org.springframework.test.context.transaction.TransactionalTestExecutionListener, org.springframework.test.context.jdbc.SqlScriptsTestExecutionListener, org.springframework.test.context.event.EventPublishingTestExecutionListener]
23:25:54.920 [Test worker] INFO org.springframework.boot.test.context.SpringBootTestContextBootstrapper - Using TestExecutionListeners: [org.springframework.test.context.web.ServletTestExecutionListener@571cf041, org.springframework.test.context.support.DirtiesContextBeforeModesTestExecutionListener@5f27fea1, org.springframework.boot.test.mock.mockito.MockitoTestExecutionListener@3ebaf020, org.springframework.boot.test.autoconfigure.SpringBootDependencyInjectionTestExecutionListener@7198456b, org.springframework.test.context.support.DirtiesContextTestExecutionListener@41362de1, org.springframework.test.context.transaction.TransactionalTestExecutionListener@21840190, org.springframework.test.context.jdbc.SqlScriptsTestExecutionListener@4856ce70, org.springframework.security.test.context.support.WithSecurityContextTestExecutionListener@7b56790c, org.springframework.test.context.event.EventPublishingTestExecutionListener@bff0aa2, org.springframework.security.test.context.support.ReactorContextTestExecutionListener@a7612cc, org.springframework.boot.test.autoconfigure.restdocs.RestDocsTestExecutionListener@742d68bc, org.springframework.boot.test.autoconfigure.web.client.MockRestServiceServerResetTestExecutionListener@3c7bf12c, org.springframework.boot.test.autoconfigure.web.servlet.MockMvcPrintOnlyOnFailureTestExecutionListener@4fa2461b, org.springframework.boot.test.autoconfigure.web.servlet.WebDriverTestExecutionListener@7578dd51, org.springframework.boot.test.autoconfigure.webservices.client.MockWebServiceServerTestExecutionListener@6a8f33ca, org.springframework.boot.test.mock.mockito.ResetMocksTestExecutionListener@99e4d26]
23:25:54.924 [Test worker] DEBUG org.springframework.test.context.support.AbstractDirtiesContextTestExecutionListener - Before test class: context [DefaultTestContext@2ea6255d testClass = PostsRepositoryTest, testInstance = [null], testMethod = [null], testException = [null], mergedContextConfiguration = [WebMergedContextConfiguration@7f101f15 testClass = PostsRepositoryTest, locations = '{}', classes = '{class com.bestresto.springboot.Application}', contextInitializerClasses = '[]', activeProfiles = '{}', propertySourceLocations = '{}', propertySourceProperties = '{org.springframework.boot.test.context.SpringBootTestContextBootstrapper=true}', contextCustomizers = set[org.springframework.boot.test.autoconfigure.actuate.metrics.MetricsExportContextCustomizerFactory$DisableMetricExportContextCustomizer@77a9032e, org.springframework.boot.test.autoconfigure.properties.PropertyMappingContextCustomizer@0, org.springframework.boot.test.autoconfigure.web.servlet.WebDriverContextCustomizerFactory$Customizer@2861e8f7, org.springframework.boot.test.context.filter.ExcludeFilterContextCustomizer@1e109931, org.springframework.boot.test.json.DuplicateJsonObjectContextCustomizerFactory$DuplicateJsonObjectContextCustomizer@418031d3, org.springframework.boot.test.mock.mockito.MockitoContextCustomizer@0, org.springframework.boot.test.web.client.TestRestTemplateContextCustomizer@279c6d37, org.springframework.boot.test.context.SpringBootTestArgs@1, org.springframework.boot.test.context.SpringBootTestWebEnvironment@31b1dee2], resourceBasePath = 'src/main/webapp', contextLoader = 'org.springframework.boot.test.context.SpringBootContextLoader', parent = [null]], attributes = map['org.springframework.test.context.web.ServletTestExecutionListener.activateListener' -> true]], class annotated with @DirtiesContext [false] with mode [null].
23:25:54.969 [Test worker] DEBUG org.springframework.test.context.support.TestPropertySourceUtils - Adding inlined properties to environment: {spring.jmx.enabled=false, org.springframework.boot.test.context.SpringBootTestContextBootstrapper=true}

  .   ____          _            __ _ _
 /\\ / ___'_ __ _ _(_)_ __  __ _ \ \ \ \
( ( )\___ | '_ | '_| | '_ \/ _` | \ \ \ \
 \\/  ___)| |_)| | | | | || (_| |  ) ) ) )
  '  |____| .__|_| |_|_| |_\__, | / / / /
 =========|_|==============|___/=/_/_/_/
 :: Spring Boot ::                (v2.4.1)

2022-07-17 23:25:55.322  INFO 25824 --- [    Test worker] c.b.s.domain.PostsRepositoryTest         : Starting PostsRepositoryTest using Java 11.0.14 on DESKTOP-SF3NOPP with PID 25824 (started by kzzin in C:\project\bestresto-webservice)
2022-07-17 23:25:55.325  INFO 25824 --- [    Test worker] c.b.s.domain.PostsRepositoryTest         : No active profile set, falling back to default profiles: default
2022-07-17 23:25:56.445  INFO 25824 --- [    Test worker] .s.d.r.c.RepositoryConfigurationDelegate : Bootstrapping Spring Data JPA repositories in DEFAULT mode.
2022-07-17 23:25:56.535  INFO 25824 --- [    Test worker] .s.d.r.c.RepositoryConfigurationDelegate : Finished Spring Data repository scanning in 78 ms. Found 2 JPA repository interfaces.
2022-07-17 23:25:57.397  INFO 25824 --- [    Test worker] com.zaxxer.hikari.HikariDataSource       : HikariPool-1 - Starting...
2022-07-17 23:25:57.641  INFO 25824 --- [    Test worker] com.zaxxer.hikari.HikariDataSource       : HikariPool-1 - Start completed.
2022-07-17 23:25:57.762  INFO 25824 --- [    Test worker] o.hibernate.jpa.internal.util.LogHelper  : HHH000204: Processing PersistenceUnitInfo [name: default]
2022-07-17 23:25:57.865  INFO 25824 --- [    Test worker] org.hibernate.Version                    : HHH000412: Hibernate ORM core version 5.4.25.Final
2022-07-17 23:25:58.127  INFO 25824 --- [    Test worker] o.hibernate.annotations.common.Version   : HCANN000001: Hibernate Commons Annotations {5.1.2.Final}
2022-07-17 23:25:58.341  INFO 25824 --- [    Test worker] org.hibernate.dialect.Dialect            : HHH000400: Using dialect: org.hibernate.dialect.MySQL57Dialect
Hibernate: drop table if exists posts
Hibernate: drop table if exists user
Hibernate: create table posts (id bigint not null auto_increment, created_date datetime(6), modified_date datetime(6), author varchar(255), content TEXT not null, title varchar(500) not null, primary key (id)) engine=InnoDB
Hibernate: create table user (id bigint not null auto_increment, created_date datetime(6), modified_date datetime(6), email varchar(255) not null, name varchar(255) not null, picture varchar(255), role varchar(255) not null, primary key (id)) engine=InnoDB
2022-07-17 23:25:59.228  INFO 25824 --- [    Test worker] o.h.e.t.j.p.i.JtaPlatformInitiator       : HHH000490: Using JtaPlatform implementation: [org.hibernate.engine.transaction.jta.platform.internal.NoJtaPlatform]
2022-07-17 23:25:59.242  INFO 25824 --- [    Test worker] j.LocalContainerEntityManagerFactoryBean : Initialized JPA EntityManagerFactory for persistence unit 'default'
2022-07-17 23:25:59.951  WARN 25824 --- [    Test worker] JpaBaseConfiguration$JpaWebConfiguration : spring.jpa.open-in-view is enabled by default. Therefore, database queries may be performed during view rendering. Explicitly configure spring.jpa.open-in-view to disable this warning
2022-07-17 23:26:00.994  INFO 25824 --- [    Test worker] o.s.s.web.DefaultSecurityFilterChain     : Will secure any request with [org.springframework.security.web.context.request.async.WebAsyncManagerIntegrationFilter@50d8de7f, org.springframework.security.web.context.SecurityContextPersistenceFilter@9c29253, org.springframework.security.web.header.HeaderWriterFilter@3f8df2a4, org.springframework.security.web.authentication.logout.LogoutFilter@5e1cb3ec, org.springframework.security.oauth2.client.web.OAuth2AuthorizationRequestRedirectFilter@3009ffff, org.springframework.security.oauth2.client.web.OAuth2LoginAuthenticationFilter@15364a1d, org.springframework.security.web.authentication.ui.DefaultLoginPageGeneratingFilter@78b1f5ef, org.springframework.security.web.authentication.ui.DefaultLogoutPageGeneratingFilter@606800d2, org.springframework.security.web.savedrequest.RequestCacheAwareFilter@51dcb2be, org.springframework.security.web.servletapi.SecurityContextHolderAwareRequestFilter@2533a414, org.springframework.security.web.authentication.AnonymousAuthenticationFilter@59a83e45, org.springframework.security.web.session.SessionManagementFilter@3d8fb5eb, org.springframework.security.web.access.ExceptionTranslationFilter@d101517, org.springframework.security.web.access.intercept.FilterSecurityInterceptor@29dbb85e]
2022-07-17 23:26:01.776  INFO 25824 --- [    Test worker] o.s.s.concurrent.ThreadPoolTaskExecutor  : Initializing ExecutorService 'applicationTaskExecutor'
2022-07-17 23:26:01.889  INFO 25824 --- [    Test worker] o.s.b.a.h2.H2ConsoleAutoConfiguration    : H2 console available at '/h2-console'. Database available at 'jdbc:h2:mem:testdb'
2022-07-17 23:26:01.997  INFO 25824 --- [    Test worker] o.s.b.a.w.s.WelcomePageHandlerMapping    : Adding welcome page template: index
2022-07-17 23:26:02.720  INFO 25824 --- [    Test worker] s.a.ScheduledAnnotationBeanPostProcessor : No TaskScheduler/ScheduledExecutorService bean found for scheduled processing
2022-07-17 23:26:02.739  INFO 25824 --- [    Test worker] c.b.s.domain.PostsRepositoryTest         : Started PostsRepositoryTest in 7.761 seconds (JVM running for 10.966)
Hibernate: insert into posts (created_date, modified_date, author, content, title) values (?, ?, ?, ?, ?)
Hibernate: select posts0_.id as id1_0_, posts0_.created_date as created_2_0_, posts0_.modified_date as modified3_0_, posts0_.author as author4_0_, posts0_.content as content5_0_, posts0_.title as title6_0_ from posts posts0_
Hibernate: select posts0_.id as id1_0_, posts0_.created_date as created_2_0_, posts0_.modified_date as modified3_0_, posts0_.author as author4_0_, posts0_.content as content5_0_, posts0_.title as title6_0_ from posts posts0_
Hibernate: delete from posts where id=?
Hibernate: insert into posts (created_date, modified_date, author, content, title) values (?, ?, ?, ?, ?)
Hibernate: select posts0_.id as id1_0_, posts0_.created_date as created_2_0_, posts0_.modified_date as modified3_0_, posts0_.author as author4_0_, posts0_.content as content5_0_, posts0_.title as title6_0_ from posts posts0_
>>>>>>>>>>>>>>> createDate= 2022-07-17T23:26:03.171602, modifiedDate=2022-07-17T23:26:03.171602
Hibernate: select posts0_.id as id1_0_, posts0_.created_date as created_2_0_, posts0_.modified_date as modified3_0_, posts0_.author as author4_0_, posts0_.content as content5_0_, posts0_.title as title6_0_ from posts posts0_
Hibernate: delete from posts where id=?
]]></system-out>
  <system-err><![CDATA[]]></system-err>
</testsuite>
