<?xml version="1.0" encoding="UTF-8"?>
<testsuite name="com.bestresto.springboot.web.IndexControllerTest" tests="1" skipped="0" failures="0" errors="0" timestamp="2022-07-10T09:59:53" hostname="DESKTOP-SF3NOPP" time="0.189">
  <properties/>
  <testcase name="메인페이지_로딩()" classname="com.bestresto.springboot.web.IndexControllerTest" time="0.189"/>
  <system-out><![CDATA[2022-07-10 18:59:51.497  INFO 20840 --- [    Test worker] .b.t.c.SpringBootTestContextBootstrapper : Neither @ContextConfiguration nor @ContextHierarchy found for test class [com.bestresto.springboot.web.IndexControllerTest], using SpringBootContextLoader
2022-07-10 18:59:51.499  INFO 20840 --- [    Test worker] o.s.t.c.support.AbstractContextLoader    : Could not detect default resource locations for test class [com.bestresto.springboot.web.IndexControllerTest]: no resource found for suffixes {-context.xml, Context.groovy}.
2022-07-10 18:59:51.499  INFO 20840 --- [    Test worker] t.c.s.AnnotationConfigContextLoaderUtils : Could not detect default configuration classes for test class [com.bestresto.springboot.web.IndexControllerTest]: IndexControllerTest does not declare any static, non-private, non-final, nested classes annotated with @Configuration.
2022-07-10 18:59:51.501  INFO 20840 --- [    Test worker] .b.t.c.SpringBootTestContextBootstrapper : Found @SpringBootConfiguration com.bestresto.springboot.Application for test class com.bestresto.springboot.web.IndexControllerTest
2022-07-10 18:59:51.503  INFO 20840 --- [    Test worker] .b.t.c.SpringBootTestContextBootstrapper : Loaded default TestExecutionListener class names from location [META-INF/spring.factories]: [org.springframework.security.test.context.support.WithSecurityContextTestExecutionListener, org.springframework.security.test.context.support.ReactorContextTestExecutionListener, org.springframework.boot.test.autoconfigure.restdocs.RestDocsTestExecutionListener, org.springframework.boot.test.autoconfigure.web.client.MockRestServiceServerResetTestExecutionListener, org.springframework.boot.test.autoconfigure.web.servlet.MockMvcPrintOnlyOnFailureTestExecutionListener, org.springframework.boot.test.autoconfigure.web.servlet.WebDriverTestExecutionListener, org.springframework.boot.test.autoconfigure.webservices.client.MockWebServiceServerTestExecutionListener, org.springframework.boot.test.mock.mockito.MockitoTestExecutionListener, org.springframework.boot.test.mock.mockito.ResetMocksTestExecutionListener, org.springframework.test.context.web.ServletTestExecutionListener, org.springframework.test.context.support.DirtiesContextBeforeModesTestExecutionListener, org.springframework.test.context.support.DependencyInjectionTestExecutionListener, org.springframework.test.context.support.DirtiesContextTestExecutionListener, org.springframework.test.context.transaction.TransactionalTestExecutionListener, org.springframework.test.context.jdbc.SqlScriptsTestExecutionListener, org.springframework.test.context.event.EventPublishingTestExecutionListener]
2022-07-10 18:59:51.505  INFO 20840 --- [    Test worker] .b.t.c.SpringBootTestContextBootstrapper : Using TestExecutionListeners: [org.springframework.test.context.web.ServletTestExecutionListener@d13b034, org.springframework.test.context.support.DirtiesContextBeforeModesTestExecutionListener@11c9a658, org.springframework.boot.test.mock.mockito.MockitoTestExecutionListener@76a74db9, org.springframework.boot.test.autoconfigure.SpringBootDependencyInjectionTestExecutionListener@541df0f9, org.springframework.test.context.support.DirtiesContextTestExecutionListener@449f785e, org.springframework.test.context.transaction.TransactionalTestExecutionListener@18b8edf3, org.springframework.test.context.jdbc.SqlScriptsTestExecutionListener@543eb1d8, org.springframework.security.test.context.support.WithSecurityContextTestExecutionListener@6f1f099e, org.springframework.test.context.event.EventPublishingTestExecutionListener@50fdd1ab, org.springframework.security.test.context.support.ReactorContextTestExecutionListener@f756932, org.springframework.boot.test.autoconfigure.restdocs.RestDocsTestExecutionListener@2ee4b975, org.springframework.boot.test.autoconfigure.web.client.MockRestServiceServerResetTestExecutionListener@392006ce, org.springframework.boot.test.autoconfigure.web.servlet.MockMvcPrintOnlyOnFailureTestExecutionListener@76ef8c8, org.springframework.boot.test.autoconfigure.web.servlet.WebDriverTestExecutionListener@23763dee, org.springframework.boot.test.autoconfigure.webservices.client.MockWebServiceServerTestExecutionListener@28d207e4, org.springframework.boot.test.mock.mockito.ResetMocksTestExecutionListener@11fd7246]

  .   ____          _            __ _ _
 /\\ / ___'_ __ _ _(_)_ __  __ _ \ \ \ \
( ( )\___ | '_ | '_| | '_ \/ _` | \ \ \ \
 \\/  ___)| |_)| | | | | || (_| |  ) ) ) )
  '  |____| .__|_| |_|_| |_\__, | / / / /
 =========|_|==============|___/=/_/_/_/
 :: Spring Boot ::                (v2.4.1)

2022-07-10 18:59:51.540  INFO 20840 --- [    Test worker] c.b.springboot.web.IndexControllerTest   : Starting IndexControllerTest using Java 11.0.14 on DESKTOP-SF3NOPP with PID 20840 (started by kzzin in C:\project\bestresto-webservice)
2022-07-10 18:59:51.541  INFO 20840 --- [    Test worker] c.b.springboot.web.IndexControllerTest   : No active profile set, falling back to default profiles: default
2022-07-10 18:59:51.829  INFO 20840 --- [    Test worker] .s.d.r.c.RepositoryConfigurationDelegate : Bootstrapping Spring Data JPA repositories in DEFAULT mode.
2022-07-10 18:59:51.857  INFO 20840 --- [    Test worker] .s.d.r.c.RepositoryConfigurationDelegate : Finished Spring Data repository scanning in 27 ms. Found 2 JPA repository interfaces.
2022-07-10 18:59:52.238  INFO 20840 --- [    Test worker] o.s.b.w.embedded.tomcat.TomcatWebServer  : Tomcat initialized with port(s): 0 (http)
2022-07-10 18:59:52.252  INFO 20840 --- [    Test worker] o.apache.catalina.core.StandardService   : Starting service [Tomcat]
2022-07-10 18:59:52.253  INFO 20840 --- [    Test worker] org.apache.catalina.core.StandardEngine  : Starting Servlet engine: [Apache Tomcat/9.0.41]
2022-07-10 18:59:52.658  INFO 20840 --- [    Test worker] o.a.c.c.C.[Tomcat].[localhost].[/]       : Initializing Spring embedded WebApplicationContext
2022-07-10 18:59:52.658  INFO 20840 --- [    Test worker] w.s.c.ServletWebServerApplicationContext : Root WebApplicationContext: initialization completed in 1114 ms
2022-07-10 18:59:52.702  INFO 20840 --- [    Test worker] com.zaxxer.hikari.HikariDataSource       : HikariPool-2 - Starting...
2022-07-10 18:59:52.703  INFO 20840 --- [    Test worker] com.zaxxer.hikari.HikariDataSource       : HikariPool-2 - Start completed.
2022-07-10 18:59:52.704  INFO 20840 --- [    Test worker] o.s.b.a.h2.H2ConsoleAutoConfiguration    : H2 console available at '/h2-console'. Database available at 'jdbc:h2:mem:testdb'
2022-07-10 18:59:52.887  INFO 20840 --- [    Test worker] o.hibernate.jpa.internal.util.LogHelper  : HHH000204: Processing PersistenceUnitInfo [name: default]
2022-07-10 18:59:52.904  INFO 20840 --- [    Test worker] org.hibernate.dialect.Dialect            : HHH000400: Using dialect: org.hibernate.dialect.MySQL57Dialect
Hibernate: drop table if exists posts
Hibernate: drop table if exists user
Hibernate: create table posts (id bigint not null auto_increment, created_date datetime(6), modified_date datetime(6), author varchar(255), content TEXT not null, title varchar(500) not null, primary key (id)) engine=InnoDB
Hibernate: create table user (id bigint not null auto_increment, created_date datetime(6), modified_date datetime(6), email varchar(255) not null, name varchar(255) not null, picture varchar(255), role varchar(255) not null, primary key (id)) engine=InnoDB
2022-07-10 18:59:52.969  INFO 20840 --- [    Test worker] o.h.e.t.j.p.i.JtaPlatformInitiator       : HHH000490: Using JtaPlatform implementation: [org.hibernate.engine.transaction.jta.platform.internal.NoJtaPlatform]
2022-07-10 18:59:52.969  INFO 20840 --- [    Test worker] j.LocalContainerEntityManagerFactoryBean : Initialized JPA EntityManagerFactory for persistence unit 'default'
2022-07-10 18:59:53.252  WARN 20840 --- [    Test worker] JpaBaseConfiguration$JpaWebConfiguration : spring.jpa.open-in-view is enabled by default. Therefore, database queries may be performed during view rendering. Explicitly configure spring.jpa.open-in-view to disable this warning
2022-07-10 18:59:53.476  INFO 20840 --- [    Test worker] o.s.s.web.DefaultSecurityFilterChain     : Will secure any request with [org.springframework.security.web.context.request.async.WebAsyncManagerIntegrationFilter@7eb704e2, org.springframework.security.web.context.SecurityContextPersistenceFilter@7d22bcb3, org.springframework.security.web.header.HeaderWriterFilter@72a04c18, org.springframework.security.web.authentication.logout.LogoutFilter@1079e837, org.springframework.security.oauth2.client.web.OAuth2AuthorizationRequestRedirectFilter@2791267d, org.springframework.security.oauth2.client.web.OAuth2LoginAuthenticationFilter@2cfb7bfb, org.springframework.security.web.authentication.ui.DefaultLoginPageGeneratingFilter@3a7b2b6e, org.springframework.security.web.authentication.ui.DefaultLogoutPageGeneratingFilter@414a088c, org.springframework.security.web.savedrequest.RequestCacheAwareFilter@3a3f1a19, org.springframework.security.web.servletapi.SecurityContextHolderAwareRequestFilter@4a8f51ca, org.springframework.security.web.authentication.AnonymousAuthenticationFilter@6f466c16, org.springframework.security.web.session.SessionManagementFilter@33386782, org.springframework.security.web.access.ExceptionTranslationFilter@2b86c32, org.springframework.security.web.access.intercept.FilterSecurityInterceptor@77890979]
2022-07-10 18:59:53.612  INFO 20840 --- [    Test worker] o.s.s.concurrent.ThreadPoolTaskExecutor  : Initializing ExecutorService 'applicationTaskExecutor'
2022-07-10 18:59:53.647  INFO 20840 --- [    Test worker] o.s.b.a.w.s.WelcomePageHandlerMapping    : Adding welcome page template: index
2022-07-10 18:59:53.883  INFO 20840 --- [    Test worker] o.s.b.w.embedded.tomcat.TomcatWebServer  : Tomcat started on port(s): 52013 (http) with context path ''
2022-07-10 18:59:53.885  INFO 20840 --- [    Test worker] s.a.ScheduledAnnotationBeanPostProcessor : No TaskScheduler/ScheduledExecutorService bean found for scheduled processing
2022-07-10 18:59:53.886  INFO 20840 --- [    Test worker] c.b.springboot.web.IndexControllerTest   : Started IndexControllerTest in 2.378 seconds (JVM running for 13.43)
2022-07-10 18:59:53.992  INFO 20840 --- [o-auto-1-exec-1] o.a.c.c.C.[Tomcat].[localhost].[/]       : Initializing Spring DispatcherServlet 'dispatcherServlet'
2022-07-10 18:59:53.993  INFO 20840 --- [o-auto-1-exec-1] o.s.web.servlet.DispatcherServlet        : Initializing Servlet 'dispatcherServlet'
2022-07-10 18:59:53.993  INFO 20840 --- [o-auto-1-exec-1] o.s.web.servlet.DispatcherServlet        : Completed initialization in 0 ms
Hibernate: select posts0_.id as id1_0_, posts0_.created_date as created_2_0_, posts0_.modified_date as modified3_0_, posts0_.author as author4_0_, posts0_.content as content5_0_, posts0_.title as title6_0_ from posts posts0_ order by posts0_.id DESC
]]></system-out>
  <system-err><![CDATA[]]></system-err>
</testsuite>
